2124	1.000000	anime-faces/:d/danbooru_2628901_b31cf10751816bd4b45ecfca7fa1378c.jpg
82666	1.000000	anime-faces/red_eyes/danbooru_2630754_49f494ef707ee65679cbb2201a540d9e.png
48808	1.000000	anime-faces/hat/danbooru_2628728_0c4a69b4b9419296661a1296f66bcd08.jpg
88601	1.000000	anime-faces/school_uniform/danbooru_2634171_f19456ed97bd24ca52bcb002383f9893.jpg
71639	1.000000	anime-faces/nishikino_maki/danbooru_2218858_7d0376f086bc53dda8a7b29793f3b60a.png
8773	1.000000	anime-faces/aqua_eyes/danbooru_2562490_3d4798e85059fe43fb70900f5cf82412.jpg
88182	1.000000	anime-faces/school_uniform/danbooru_2628413_8e796e895d8d93c045b9346fa0453d2d.jpg
92153	1.000000	anime-faces/silver_hair/danbooru_2624550_3054dfb8697ccffbec02dec69ba7f9bb.png
46451	1.000000	anime-faces/hairband/danbooru_2626242_d5d5227939da64b331ae39e94679c950.jpg
18316	1.000000	anime-faces/blonde_hair/danbooru_2636736_443527b1108c524fff0afaf2d6ca6359.jpg
18642	1.000000	anime-faces/blue_background/danbooru_2497262_cbe2423a51b9d06385edb8f99e618cef.jpg
72196	1.000000	anime-faces/nishikino_maki/danbooru_2404311_366f68164cb65c6b28b50452635300ee.png
69379	1.000000	anime-faces/necklace/danbooru_2594139_317c19a5626f38cc6aeee84d721fc847.png
10982	1.000000	anime-faces/armor/danbooru_2597217_743b33b5323af91220c42f6b22578d10.jpg
42765	1.000000	anime-faces/hair_bow/danbooru_2636576_c899eb0705ad2f04f297360a0e24d613.jpg
36373	1.000000	anime-faces/fate_testarossa/danbooru_1600950_c85648fa94d32cf84f5a83c68bfe59cf.jpg
108907	1.000000	anime-faces/very_long_hair/danbooru_2620662_775f45f42c0e33844d159a8ec7ba1db1.jpg
14540	1.000000	anime-faces/black_background/danbooru_2505905_d201b55dc279c3f9da888da94e023475.png
108882	1.000000	anime-faces/very_long_hair/danbooru_2620252_b6afb1e306e630129b9a2c40a91b67b2.png
59625	1.000000	anime-faces/looking_at_viewer/danbooru_2636614_7a1c693e0d90334dc6ab1e67114814b4.png
36632	1.000000	anime-faces/fate_testarossa/danbooru_2096761_c65b0e18987e94ae59d1a13200a2294b.jpg
11385	1.000000	anime-faces/armor/danbooru_2627619_a21f5a217fe595893e40197ec55eaa1a.jpg
5033	1.000000	anime-faces/akaza_akari/danbooru_1233599_0af5941f2f88b894b4b036043e694509.jpg
42851	1.000000	anime-faces/hair_flower/danbooru_2592630_fc4f66c9a5af8f57f3a0dc8b11a4f483.jpg
63728	1.000000	anime-faces/military/danbooru_2575420_028b456fb9b0fa668bb1e7b1918bb454.png
10782	1.000000	anime-faces/aqua_hair/danbooru_2629305_556a93f463a1b230b8aa94877a439a09.jpg
47684	1.000000	anime-faces/hairclip/danbooru_2629548_21fa8b52c90e54659effa5884b8df4c6.jpg
93844	1.000000	anime-faces/sky/danbooru_2624130_1309f96610bf05537248eedeb9cb3874.jpg
111272	1.000000	anime-faces/white_background/danbooru_2635416_a1f2c17908e525c133f43c0abcb0ebad.png
54359	1.000000	anime-faces/kimono/danbooru_2613907_3c9710ae162012cb1adbb64f3f50c258.jpg
113025	1.000000	anime-faces/witch_hat/danbooru_2631193_0e7f1d0494c560b43c38f9f6fc5458ff.png
58490	1.000000	anime-faces/long_hair/danbooru_2636172_895edca38de7827fd37494bbaa47f47c.png
12968	1.000000	anime-faces/ayase_eli/danbooru_2334605_5222960876c975951ccc1e66c6464cd0.jpg
39356	1.000000	anime-faces/glasses/danbooru_2625696_392652468761a1b503c1c49daaf9e8fc.jpg
80281	1.000000	anime-faces/purple_eyes/danbooru_2632131_bc0100ebf3f1df854da3e4666143fbe4.jpg
71241	1.000000	anime-faces/night/danbooru_2582694_b71bcea8802db9d02816822301346e4f.jpg
109052	1.000000	anime-faces/very_long_hair/danbooru_2623357_968da2f18209b1cf9052c9407743bdee.jpg
7210	1.000000	anime-faces/animal_ears/danbooru_2631331_e307f6298756f0a8abc39f0a289383a3.jpg
25608	1.000000	anime-faces/brown_eyes/danbooru_2629927_27199322f0ac88e7ea649336541619de.jpg
93869	1.000000	anime-faces/sky/danbooru_2627519_cd364349cedd439de6866ed37d8973e4.jpg
34108	1.000000	anime-faces/dress/danbooru_2634149_83c4532b926b0f52edbb2ecbfcdbfad4.jpg
55374	1.000000	anime-faces/kirisame_marisa/danbooru_2545362_789ca598733fe23d53c4ea188f6eca3c.jpg
30474	1.000000	anime-faces/choker/danbooru_2612991_76fadc0205adaad43a7b45997ce17465.jpg
76902	1.000000	anime-faces/pink_eyes/danbooru_2612139_cb431d7cf3762bb0fcb501a074c87144.jpg
12155	1.000000	anime-faces/ayanami_rei/danbooru_1973226_211ec32490e7e427fa16de4a50248fe6.jpg
44414	1.000000	anime-faces/hair_ornament/danbooru_2632620_9622f41d82db4ce394f6db9f75f5ee79.jpg
14807	1.000000	anime-faces/black_eyes/danbooru_2580735_adafa2d1ec087f48f8ad2df27f103aa9.jpg
33183	1.000000	anime-faces/comic/danbooru_2629286_7ee958bf41e305b606dc9013fa6c5085.jpg
17300	1.000000	anime-faces/blazer/danbooru_2617306_6d04c3d9ac3fb811957580942d064d35.jpg
102816	1.000000	anime-faces/tomoe_mami/danbooru_1730759_8f80177fcf36b4c627737da92548da30.jpg
81121	1.000000	anime-faces/purple_hair/danbooru_2629455_28b462296a16848974996b3dea92188d.jpg
36119	1.000000	anime-faces/fate_testarossa/danbooru_1323112_186ba6ddc1c0bab49e4cc09ab5fafaa3.jpg
110120	1.000000	anime-faces/water/danbooru_2591140_daf0bf90b08a3c4ab8efd86e6e7da092.jpg
51288	1.000000	anime-faces/hoshizora_rin/danbooru_2079889_bf73eb9c421e4028c25c417baa7bdc66.png
7265	1.000000	anime-faces/animal_ears/danbooru_2632165_99b2bec32354084edc5ecb7272535220.jpg
88978	1.000000	anime-faces/serafuku/danbooru_2616356_4b383e70edf788219a61f26d48a85040.jpg
3108	1.000000	anime-faces/:o/danbooru_2613458_d643c332dcbf8ced4590fb23285f50d3.png
50276	1.000000	anime-faces/headphones/danbooru_2610962_8457b4346b539ebd9567336be06a8568.jpg
90645	1.000000	anime-faces/short_hair/danbooru_2637353_cc0a1dd71e1a29d0b17c4c202d059e50.jpg
12115	1.000000	anime-faces/ayanami_rei/danbooru_1852141_2e1c4bc5a7116916c0818979fc16bb72.jpg
16201	1.000000	anime-faces/black_hair/danbooru_2634237_d9d26ba481307a611a04bbb0e612e7d8.png
67728	1.000000	anime-faces/monochrome/danbooru_2630244_cd4369592593b0452ac7517baf0eac1c.jpg
64115	1.000000	anime-faces/military/danbooru_2603987_fc7b1b036b5ab19e510a0909800ed773.jpg
101829	1.000000	anime-faces/swimsuit/danbooru_2637125_0f6633d4b4edd666639e97e29c844742.png
98767	1.000000	anime-faces/suzumiya_haruhi/danbooru_1812965_5c9eafba5ed46c56cfb8d7ecdc7acf88.jpg
47852	1.000000	anime-faces/hairclip/danbooru_2635470_e5917976493d93dab73020c6310f4529.jpg
85737	1.000000	anime-faces/ribbon/danbooru_2635705_784958c94f111d4814f2be201584c6d5.jpg
58978	1.000000	anime-faces/long_hair/danbooru_2637767_a1735415b147dc647e67560b9a53e65e.jpg
30641	1.000000	anime-faces/choker/danbooru_2622914_fe9a69311315a688d707cc953e6670ae.png
24535	1.000000	anime-faces/breasts/danbooru_2634913_1c4b9e3855751311fcd9de0ad04f9efd.png
86077	1.000000	anime-faces/santa_costume/danbooru_2544664_56b20c8ab5c34f82c86add7ebda0d5a0.png
40947	1.000000	anime-faces/green_hair/danbooru_2608994_0913509ca35b9d456c844391b305b6d6.png
82472	1.000000	anime-faces/red_eyes/danbooru_2628730_2b87ad3506ff402b98844069c00b1de3.jpg
43531	1.000000	anime-faces/hair_flower/danbooru_2617439_1df1c7c091f4af5d249839d7a88e1699.jpg
48018	1.000000	anime-faces/hakurei_reimu/danbooru_2471961_def20640919d2682e07829b5a972e486.png
112520	1.000000	anime-faces/witch_hat/danbooru_2552659_d9dbdd426beea76e3343d7ac5490db99.jpg
25960	1.000000	anime-faces/brown_eyes/danbooru_2633423_d834aa80ccda311e797f240c5a4ee9f7.jpg
88600	1.000000	anime-faces/school_uniform/danbooru_2634167_d7d487d73697253b7d5f600c11befa42.png
57756	1.000000	anime-faces/kousaka_honoka/danbooru_2406622_4e3576aad4527276681ecf2d3f4c27a6.png
88506	1.000000	anime-faces/school_uniform/danbooru_2632767_b2fc6f3e6f646bc71106f6deffadd683.jpg
42028	1.000000	anime-faces/hair_bow/danbooru_2617575_28fd656c5ea423efe5ab525552b3b5ec.jpg
3952	1.000000	anime-faces/ahoge/danbooru_2621675_394da4d688fc9c80d931852c1451a703.jpg
14323	1.000000	anime-faces/black_background/danbooru_2311153_036153f78a776312b5464760d08b644e.png
28477	1.000000	anime-faces/cape/danbooru_2603846_feb0f9754f5bb9a0b93b0604312dfabc.png
104629	1.000000	anime-faces/tongue_out/danbooru_2615984_5514bcc5985b8a77f8a3a5eee7cdc1de.jpg
85846	1.000000	anime-faces/ribbon/danbooru_2636699_874ad58271e3116a41eea01cb0d5935b.jpg
88020	1.000000	anime-faces/school_uniform/danbooru_2625944_2968f51aa1d571040ac760bfe2456e81.jpg
30407	1.000000	anime-faces/choker/danbooru_2608339_016198615bd3642d3cbf814197c00906.jpg
56782	1.000000	anime-faces/koizumi_hanayo/danbooru_2626317_6e63b8b1c1b19a2702550f40ac468d6d.png
68558	1.000000	anime-faces/nagato_yuki/danbooru_1900272_fa9a03a6e36bdc04e732dba0bd1375ab.png
57871	1.000000	anime-faces/kousaka_honoka/danbooru_2507490_fc2dc1c971b9161a13f4b24844dfab6b.png
43095	1.000000	anime-faces/hair_flower/danbooru_2599469_e4a0ac674b3f0a4b4512318832bcc9ef.jpg
62122	1.000000	anime-faces/maid/danbooru_2578828_4d2ab42e5ff6722605a2383a710eea9e.jpg
94482	1.000000	anime-faces/smile/danbooru_2635946_1106f7c82f98bb03c3c028bbee522993.jpg
108641	1.000000	anime-faces/uniform/danbooru_2629134_2d1bbb472132bd78afe5e1c9712e4c1a.jpg
17875	1.000000	anime-faces/blonde_hair/danbooru_2633378_e4687108586ed3553867ec0c0290ade7.jpg
107024	1.000000	anime-faces/underwear/danbooru_2622200_5d2a2bfb36eb6f49dad5a16ee920bc21.jpg
29060	1.000000	anime-faces/cat_ears/danbooru_2577592_9608798323ca2823bd4ef9a151d47120.jpg